#! /c/Source/iverilog-install/bin/vvp
:ivl_version "12.0 (devel)" "(s20150603-1539-g2693dd32b)";
:ivl_delay_selection "TYPICAL";
:vpi_time_precision - 12;
:vpi_module "C:\iverilog\lib\ivl\system.vpi";
:vpi_module "C:\iverilog\lib\ivl\vhdl_sys.vpi";
:vpi_module "C:\iverilog\lib\ivl\vhdl_textio.vpi";
:vpi_module "C:\iverilog\lib\ivl\v2005_math.vpi";
:vpi_module "C:\iverilog\lib\ivl\va_math.vpi";
:vpi_module "C:\iverilog\lib\ivl\v2009.vpi";
S_000002085c2d9960 .scope package, "$unit" "$unit" 2 1;
 .timescale 0 0;
S_000002085c2d9d50 .scope module, "tb_moore_counter" "tb_moore_counter" 3 2;
 .timescale -9 -12;
v000002085c2daea0_0 .var "clk", 0 0;
v000002085c2daf40_0 .net "count", 1 0, v000002085c1d2dc0_0;  1 drivers
v000002085c204050_0 .var "reset", 0 0;
S_000002085c2d9ee0 .scope module, "uut" "moore_counter" 3 7, 4 1 0, S_000002085c2d9d50;
 .timescale 0 0;
    .port_info 0 /INPUT 1 "clk";
    .port_info 1 /INPUT 1 "reset";
    .port_info 2 /OUTPUT 2 "count";
P_000002085c2da070 .param/l "S0" 0 4 7, C4<00>;
P_000002085c2da0a8 .param/l "S1" 0 4 8, C4<01>;
P_000002085c2da0e0 .param/l "S2" 0 4 9, C4<10>;
P_000002085c2da118 .param/l "S3" 0 4 10, C4<11>;
v000002085c1d3020_0 .net "clk", 0 0, v000002085c2daea0_0;  1 drivers
v000002085c1d2dc0_0 .var "count", 1 0;
v000002085c1d3240_0 .var "next_state", 1 0;
v000002085c2050b0_0 .net "reset", 0 0, v000002085c204050_0;  1 drivers
v000002085c2dae00_0 .var "state", 1 0;
E_000002085c20acf0 .event anyedge, v000002085c2dae00_0;
E_000002085c20a670 .event posedge, v000002085c2050b0_0, v000002085c1d3020_0;
    .scope S_000002085c2d9ee0;
T_0 ;
    %wait E_000002085c20a670;
    %load/vec4 v000002085c2050b0_0;
    %flag_set/vec4 8;
    %jmp/0xz  T_0.0, 8;
    %pushi/vec4 0, 0, 2;
    %assign/vec4 v000002085c2dae00_0, 0;
    %jmp T_0.1;
T_0.0 ;
    %load/vec4 v000002085c1d3240_0;
    %assign/vec4 v000002085c2dae00_0, 0;
T_0.1 ;
    %jmp T_0;
    .thread T_0;
    .scope S_000002085c2d9ee0;
T_1 ;
    %wait E_000002085c20acf0;
    %load/vec4 v000002085c2dae00_0;
    %dup/vec4;
    %pushi/vec4 0, 0, 2;
    %cmp/u;
    %jmp/1 T_1.0, 6;
    %dup/vec4;
    %pushi/vec4 1, 0, 2;
    %cmp/u;
    %jmp/1 T_1.1, 6;
    %dup/vec4;
    %pushi/vec4 2, 0, 2;
    %cmp/u;
    %jmp/1 T_1.2, 6;
    %dup/vec4;
    %pushi/vec4 3, 0, 2;
    %cmp/u;
    %jmp/1 T_1.3, 6;
    %pushi/vec4 0, 0, 2;
    %store/vec4 v000002085c1d3240_0, 0, 2;
    %jmp T_1.5;
T_1.0 ;
    %pushi/vec4 1, 0, 2;
    %store/vec4 v000002085c1d3240_0, 0, 2;
    %jmp T_1.5;
T_1.1 ;
    %pushi/vec4 2, 0, 2;
    %store/vec4 v000002085c1d3240_0, 0, 2;
    %jmp T_1.5;
T_1.2 ;
    %pushi/vec4 3, 0, 2;
    %store/vec4 v000002085c1d3240_0, 0, 2;
    %jmp T_1.5;
T_1.3 ;
    %pushi/vec4 0, 0, 2;
    %store/vec4 v000002085c1d3240_0, 0, 2;
    %jmp T_1.5;
T_1.5 ;
    %pop/vec4 1;
    %jmp T_1;
    .thread T_1, $push;
    .scope S_000002085c2d9ee0;
T_2 ;
    %wait E_000002085c20acf0;
    %load/vec4 v000002085c2dae00_0;
    %dup/vec4;
    %pushi/vec4 0, 0, 2;
    %cmp/u;
    %jmp/1 T_2.0, 6;
    %dup/vec4;
    %pushi/vec4 1, 0, 2;
    %cmp/u;
    %jmp/1 T_2.1, 6;
    %dup/vec4;
    %pushi/vec4 2, 0, 2;
    %cmp/u;
    %jmp/1 T_2.2, 6;
    %dup/vec4;
    %pushi/vec4 3, 0, 2;
    %cmp/u;
    %jmp/1 T_2.3, 6;
    %pushi/vec4 0, 0, 2;
    %store/vec4 v000002085c1d2dc0_0, 0, 2;
    %jmp T_2.5;
T_2.0 ;
    %pushi/vec4 0, 0, 2;
    %store/vec4 v000002085c1d2dc0_0, 0, 2;
    %jmp T_2.5;
T_2.1 ;
    %pushi/vec4 1, 0, 2;
    %store/vec4 v000002085c1d2dc0_0, 0, 2;
    %jmp T_2.5;
T_2.2 ;
    %pushi/vec4 2, 0, 2;
    %store/vec4 v000002085c1d2dc0_0, 0, 2;
    %jmp T_2.5;
T_2.3 ;
    %pushi/vec4 3, 0, 2;
    %store/vec4 v000002085c1d2dc0_0, 0, 2;
    %jmp T_2.5;
T_2.5 ;
    %pop/vec4 1;
    %jmp T_2;
    .thread T_2, $push;
    .scope S_000002085c2d9d50;
T_3 ;
    %pushi/vec4 0, 0, 1;
    %store/vec4 v000002085c2daea0_0, 0, 1;
T_3.0 ;
    %delay 5000, 0;
    %load/vec4 v000002085c2daea0_0;
    %inv;
    %store/vec4 v000002085c2daea0_0, 0, 1;
    %jmp T_3.0;
    %end;
    .thread T_3;
    .scope S_000002085c2d9d50;
T_4 ;
    %vpi_call/w 3 21 "$dumpfile", "moore_counter.vcd" {0 0 0};
    %vpi_call/w 3 22 "$dumpvars", 32'sb00000000000000000000000000000000, S_000002085c2d9d50 {0 0 0};
    %pushi/vec4 1, 0, 1;
    %store/vec4 v000002085c204050_0, 0, 1;
    %delay 10000, 0;
    %pushi/vec4 0, 0, 1;
    %store/vec4 v000002085c204050_0, 0, 1;
    %delay 100000, 0;
    %vpi_call/w 3 28 "$finish" {0 0 0};
    %end;
    .thread T_4;
    .scope S_000002085c2d9d50;
T_5 ;
    %vpi_call/w 3 33 "$monitor", "Time=%0t | reset=%b | state_out=%b", $time, v000002085c204050_0, v000002085c2daf40_0 {0 0 0};
    %end;
    .thread T_5;
# The file index is used to find the file name in the following table.
:file_names 5;
    "N/A";
    "<interactive>";
    "-";
    "tb_moorefsmcounter.sv";
    "moorefsmcounter.sv";
