#! /c/Source/iverilog-install/bin/vvp
:ivl_version "12.0 (devel)" "(s20150603-1539-g2693dd32b)";
:ivl_delay_selection "TYPICAL";
:vpi_time_precision - 12;
:vpi_module "C:\iverilog\lib\ivl\system.vpi";
:vpi_module "C:\iverilog\lib\ivl\vhdl_sys.vpi";
:vpi_module "C:\iverilog\lib\ivl\vhdl_textio.vpi";
:vpi_module "C:\iverilog\lib\ivl\v2005_math.vpi";
:vpi_module "C:\iverilog\lib\ivl\va_math.vpi";
:vpi_module "C:\iverilog\lib\ivl\v2009.vpi";
S_000002631bfd9cf0 .scope package, "$unit" "$unit" 2 1;
 .timescale 0 0;
S_000002631bfd9e80 .scope module, "tb_dff" "tb_dff" 3 3;
 .timescale -9 -12;
v000002631bfda010_0 .var "clk", 0 0;
v000002631bfd87a0_0 .var "d", 0 0;
v000002631c0260e0_0 .net "q", 0 0, v000002631c025120_0;  1 drivers
S_000002631c025f50 .scope module, "uut" "dff" 3 10, 4 3 0, S_000002631bfd9e80;
 .timescale -9 -12;
    .port_info 0 /INPUT 1 "clk";
    .port_info 1 /INPUT 1 "d";
    .port_info 2 /OUTPUT 1 "q";
v000002631bff3110_0 .net "clk", 0 0, v000002631bfda010_0;  1 drivers
v000002631bff33a0_0 .net "d", 0 0, v000002631bfd87a0_0;  1 drivers
v000002631c025120_0 .var "q", 0 0;
E_000002631bfdb990 .event posedge, v000002631bff3110_0;
    .scope S_000002631c025f50;
T_0 ;
    %wait E_000002631bfdb990;
    %load/vec4 v000002631bff33a0_0;
    %assign/vec4 v000002631c025120_0, 0;
    %jmp T_0;
    .thread T_0;
    .scope S_000002631bfd9e80;
T_1 ;
    %pushi/vec4 0, 0, 1;
    %store/vec4 v000002631bfda010_0, 0, 1;
T_1.0 ;
    %delay 5000, 0;
    %load/vec4 v000002631bfda010_0;
    %inv;
    %store/vec4 v000002631bfda010_0, 0, 1;
    %jmp T_1.0;
    %end;
    .thread T_1;
    .scope S_000002631bfd9e80;
T_2 ;
    %pushi/vec4 0, 0, 1;
    %store/vec4 v000002631bfd87a0_0, 0, 1;
    %delay 10000, 0;
    %pushi/vec4 1, 0, 1;
    %store/vec4 v000002631bfd87a0_0, 0, 1;
    %delay 10000, 0;
    %pushi/vec4 0, 0, 1;
    %store/vec4 v000002631bfd87a0_0, 0, 1;
    %delay 10000, 0;
    %pushi/vec4 1, 0, 1;
    %store/vec4 v000002631bfd87a0_0, 0, 1;
    %delay 20000, 0;
    %pushi/vec4 0, 0, 1;
    %store/vec4 v000002631bfd87a0_0, 0, 1;
    %delay 20000, 0;
    %vpi_call/w 3 29 "$finish" {0 0 0};
    %end;
    .thread T_2;
    .scope S_000002631bfd9e80;
T_3 ;
    %vpi_call/w 3 34 "$monitor", "Time=%0t | clk=%b | d=%b | q=%b", $time, v000002631bfda010_0, v000002631bfd87a0_0, v000002631c0260e0_0 {0 0 0};
    %end;
    .thread T_3;
# The file index is used to find the file name in the following table.
:file_names 5;
    "N/A";
    "<interactive>";
    "-";
    "tb_dff.sv";
    "dff.sv";
