#! /c/Source/iverilog-install/bin/vvp
:ivl_version "12.0 (devel)" "(s20150603-1539-g2693dd32b)";
:ivl_delay_selection "TYPICAL";
:vpi_time_precision - 12;
:vpi_module "C:\iverilog\lib\ivl\system.vpi";
:vpi_module "C:\iverilog\lib\ivl\vhdl_sys.vpi";
:vpi_module "C:\iverilog\lib\ivl\vhdl_textio.vpi";
:vpi_module "C:\iverilog\lib\ivl\v2005_math.vpi";
:vpi_module "C:\iverilog\lib\ivl\va_math.vpi";
:vpi_module "C:\iverilog\lib\ivl\v2009.vpi";
S_000001ee4f94d010 .scope package, "$unit" "$unit" 2 1;
 .timescale 0 0;
S_000001ee4f94d1a0 .scope module, "tb_example" "tb_example" 3 3;
 .timescale -9 -12;
v000001ee4f9e3430_0 .var "a", 0 0;
v000001ee4f9e2f30_0 .var "b", 0 0;
v000001ee4f9e2fd0_0 .var "c", 0 0;
v000001ee4f9e34d0_0 .net "y", 0 0, L_000001ee4f9867f0;  1 drivers
S_000001ee4f962a40 .scope module, "dut" "example" 3 8, 4 3 0, S_000001ee4f94d1a0;
 .timescale -9 -12;
    .port_info 0 /INPUT 1 "a";
    .port_info 1 /INPUT 1 "b";
    .port_info 2 /INPUT 1 "c";
    .port_info 3 /OUTPUT 1 "y";
L_000001ee4f986da0/d .functor NOT 3, L_000001ee4f9e37f0, C4<000>, C4<000>, C4<000>;
L_000001ee4f986da0 .delay 3 (1000,1000,1000) L_000001ee4f986da0/d;
L_000001ee4f986d30 .functor AND 1, L_000001ee4f9e3570, L_000001ee4f9e2df0, C4<1>, C4<1>;
L_000001ee4f986940/d .functor AND 1, L_000001ee4f986d30, L_000001ee4f9e3750, C4<1>, C4<1>;
L_000001ee4f986940 .delay 1 (2000,2000,2000) L_000001ee4f986940/d;
L_000001ee4f9868d0 .functor AND 1, v000001ee4f9e3430_0, L_000001ee4f9e2df0, C4<1>, C4<1>;
L_000001ee4f986a90/d .functor AND 1, L_000001ee4f9868d0, L_000001ee4f9e3750, C4<1>, C4<1>;
L_000001ee4f986a90 .delay 1 (2000,2000,2000) L_000001ee4f986a90/d;
L_000001ee4f986c50 .functor AND 1, v000001ee4f9e3430_0, L_000001ee4f9e2df0, C4<1>, C4<1>;
L_000001ee4f986e10/d .functor AND 1, L_000001ee4f986c50, v000001ee4f9e2fd0_0, C4<1>, C4<1>;
L_000001ee4f986e10 .delay 1 (2000,2000,2000) L_000001ee4f986e10/d;
L_000001ee4f986ef0 .functor OR 1, L_000001ee4f986940, L_000001ee4f986a90, C4<0>, C4<0>;
L_000001ee4f9867f0/d .functor OR 1, L_000001ee4f986ef0, L_000001ee4f986e10, C4<0>, C4<0>;
L_000001ee4f9867f0 .delay 1 (4000,4000,4000) L_000001ee4f9867f0/d;
v000001ee4f94d330_0 .net *"_ivl_12", 0 0, L_000001ee4f9868d0;  1 drivers
v000001ee4f94d3d0_0 .net *"_ivl_16", 0 0, L_000001ee4f986c50;  1 drivers
v000001ee4f962bd0_0 .net *"_ivl_20", 0 0, L_000001ee4f986ef0;  1 drivers
v000001ee4f962c70_0 .net *"_ivl_4", 2 0, L_000001ee4f9e37f0;  1 drivers
v000001ee4f9e2e90_0 .net *"_ivl_6", 2 0, L_000001ee4f986da0;  1 drivers
v000001ee4f9e32f0_0 .net *"_ivl_8", 0 0, L_000001ee4f986d30;  1 drivers
v000001ee4f9e3930_0 .net "a", 0 0, v000001ee4f9e3430_0;  1 drivers
v000001ee4f9e3110_0 .net "ab", 0 0, L_000001ee4f9e3570;  1 drivers
v000001ee4f9e2cb0_0 .net "b", 0 0, v000001ee4f9e2f30_0;  1 drivers
v000001ee4f9e39d0_0 .net "bb", 0 0, L_000001ee4f9e2df0;  1 drivers
v000001ee4f9e3a70_0 .net "c", 0 0, v000001ee4f9e2fd0_0;  1 drivers
v000001ee4f9e3890_0 .net "cb", 0 0, L_000001ee4f9e3750;  1 drivers
v000001ee4f9e3250_0 .net "n1", 0 0, L_000001ee4f986940;  1 drivers
v000001ee4f9e3b10_0 .net "n2", 0 0, L_000001ee4f986a90;  1 drivers
v000001ee4f9e2d50_0 .net "n3", 0 0, L_000001ee4f986e10;  1 drivers
v000001ee4f9e3390_0 .net "y", 0 0, L_000001ee4f9867f0;  alias, 1 drivers
L_000001ee4f9e3570 .part L_000001ee4f986da0, 2, 1;
L_000001ee4f9e2df0 .part L_000001ee4f986da0, 1, 1;
L_000001ee4f9e3750 .part L_000001ee4f986da0, 0, 1;
L_000001ee4f9e37f0 .concat [ 1 1 1 0], v000001ee4f9e2fd0_0, v000001ee4f9e2f30_0, v000001ee4f9e3430_0;
    .scope S_000001ee4f94d1a0;
T_0 ;
    %vpi_call/w 3 13 "$dumpfile", "example.vcd" {0 0 0};
    %vpi_call/w 3 14 "$dumpvars", 32'sb00000000000000000000000000000000, S_000001ee4f94d1a0 {0 0 0};
    %pushi/vec4 0, 0, 1;
    %store/vec4 v000001ee4f9e3430_0, 0, 1;
    %pushi/vec4 0, 0, 1;
    %store/vec4 v000001ee4f9e2f30_0, 0, 1;
    %pushi/vec4 0, 0, 1;
    %store/vec4 v000001ee4f9e2fd0_0, 0, 1;
    %delay 10000, 0;
    %pushi/vec4 1, 0, 1;
    %store/vec4 v000001ee4f9e3430_0, 0, 1;
    %pushi/vec4 0, 0, 1;
    %store/vec4 v000001ee4f9e2f30_0, 0, 1;
    %pushi/vec4 1, 0, 1;
    %store/vec4 v000001ee4f9e2fd0_0, 0, 1;
    %delay 10000, 0;
    %pushi/vec4 1, 0, 1;
    %store/vec4 v000001ee4f9e3430_0, 0, 1;
    %pushi/vec4 1, 0, 1;
    %store/vec4 v000001ee4f9e2f30_0, 0, 1;
    %pushi/vec4 0, 0, 1;
    %store/vec4 v000001ee4f9e2fd0_0, 0, 1;
    %delay 10000, 0;
    %pushi/vec4 1, 0, 1;
    %store/vec4 v000001ee4f9e3430_0, 0, 1;
    %pushi/vec4 1, 0, 1;
    %store/vec4 v000001ee4f9e2f30_0, 0, 1;
    %pushi/vec4 1, 0, 1;
    %store/vec4 v000001ee4f9e2fd0_0, 0, 1;
    %delay 10000, 0;
    %vpi_call/w 3 26 "$finish" {0 0 0};
    %end;
    .thread T_0;
# The file index is used to find the file name in the following table.
:file_names 5;
    "N/A";
    "<interactive>";
    "-";
    "tb_example.sv";
    "example.sv";
